nohup: ignoring input

Processing intADC.cc(5391,7,17)...
Info in <TCanvas::MakeDefCanvas>:  created default TCanvas with name c1
/pnfs/knu.ac.kr/data/cms/store/user/yeo/HDD/Run_5391/Run_5391_Wave/Run_5391_Wave_MID_7/Run_5391_Wave_MID_7_FILE_0.dat-----------------------------------------------------------------------

Processing intADC.cc(5392,7,17)...
Info in <TCanvas::MakeDefCanvas>:  created default TCanvas with name c1
/pnfs/knu.ac.kr/data/cms/store/user/yeo/HDD/Run_5392/Run_5392_Wave/Run_5392_Wave_MID_7/Run_5392_Wave_MID_7_FILE_0.dat-----------------------------------------------------------------------

Processing intADC.cc(5393,7,17)...
Info in <TCanvas::MakeDefCanvas>:  created default TCanvas with name c1
/pnfs/knu.ac.kr/data/cms/store/user/yeo/HDD/Run_5393/Run_5393_Wave/Run_5393_Wave_MID_7/Run_5393_Wave_MID_7_FILE_0.dat-----------------------------------------------------------------------

Processing intADC.cc(5394,7,17)...
Info in <TCanvas::MakeDefCanvas>:  created default TCanvas with name c1
/pnfs/knu.ac.kr/data/cms/store/user/yeo/HDD/Run_5394/Run_5394_Wave/Run_5394_Wave_MID_7/Run_5394_Wave_MID_7_FILE_0.dat-----------------------------------------------------------------------

Processing intADC.cc(5395,7,17)...
Info in <TCanvas::MakeDefCanvas>:  created default TCanvas with name c1
/pnfs/knu.ac.kr/data/cms/store/user/yeo/HDD/Run_5395/Run_5395_Wave/Run_5395_Wave_MID_7/Run_5395_Wave_MID_7_FILE_0.dat-----------------------------------------------------------------------

Processing intADC.cc(5396,7,17)...
Info in <TCanvas::MakeDefCanvas>:  created default TCanvas with name c1
/pnfs/knu.ac.kr/data/cms/store/user/yeo/HDD/Run_5396/Run_5396_Wave/Run_5396_Wave_MID_7/Run_5396_Wave_MID_7_FILE_0.dat-----------------------------------------------------------------------

Processing intADC.cc(5397,7,17)...
Info in <TCanvas::MakeDefCanvas>:  created default TCanvas with name c1
/pnfs/knu.ac.kr/data/cms/store/user/yeo/HDD/Run_5397/Run_5397_Wave/Run_5397_Wave_MID_7/Run_5397_Wave_MID_7_FILE_0.dat-----------------------------------------------------------------------

Processing intADC.cc(5398,7,17)...
Info in <TCanvas::MakeDefCanvas>:  created default TCanvas with name c1
/pnfs/knu.ac.kr/data/cms/store/user/yeo/HDD/Run_5398/Run_5398_Wave/Run_5398_Wave_MID_7/Run_5398_Wave_MID_7_FILE_0.dat-----------------------------------------------------------------------

Processing intADC.cc(5399,7,17)...
Info in <TCanvas::MakeDefCanvas>:  created default TCanvas with name c1
/pnfs/knu.ac.kr/data/cms/store/user/yeo/HDD/Run_5399/Run_5399_Wave/Run_5399_Wave_MID_7/Run_5399_Wave_MID_7_FILE_0.dat-----------------------------------------------------------------------

Processing intADC.cc(5400,7,17)...
Info in <TCanvas::MakeDefCanvas>:  created default TCanvas with name c1
/pnfs/knu.ac.kr/data/cms/store/user/yeo/HDD/Run_5400/Run_5400_Wave/Run_5400_Wave_MID_7/Run_5400_Wave_MID_7_FILE_0.dat-----------------------------------------------------------------------

Processing intADC.cc(5401,7,17)...
Info in <TCanvas::MakeDefCanvas>:  created default TCanvas with name c1
/pnfs/knu.ac.kr/data/cms/store/user/yeo/HDD/Run_5401/Run_5401_Wave/Run_5401_Wave_MID_7/Run_5401_Wave_MID_7_FILE_0.dat-----------------------------------------------------------------------

Processing intADC.cc(5402,7,17)...
Info in <TCanvas::MakeDefCanvas>:  created default TCanvas with name c1
/pnfs/knu.ac.kr/data/cms/store/user/yeo/HDD/Run_5402/Run_5402_Wave/Run_5402_Wave_MID_7/Run_5402_Wave_MID_7_FILE_0.dat-----------------------------------------------------------------------

Processing intADC.cc(5403,7,17)...
Info in <TCanvas::MakeDefCanvas>:  created default TCanvas with name c1
/pnfs/knu.ac.kr/data/cms/store/user/yeo/HDD/Run_5403/Run_5403_Wave/Run_5403_Wave_MID_7/Run_5403_Wave_MID_7_FILE_0.dat-----------------------------------------------------------------------

Processing intADC.cc(5405,7,18)...
Info in <TCanvas::MakeDefCanvas>:  created default TCanvas with name c1
/pnfs/knu.ac.kr/data/cms/store/user/yeo/HDD/Run_5405/Run_5405_Wave/Run_5405_Wave_MID_7/Run_5405_Wave_MID_7_FILE_0.dat-----------------------------------------------------------------------

Processing intADC.cc(5406,7,18)...
Info in <TCanvas::MakeDefCanvas>:  created default TCanvas with name c1
/pnfs/knu.ac.kr/data/cms/store/user/yeo/HDD/Run_5406/Run_5406_Wave/Run_5406_Wave_MID_7/Run_5406_Wave_MID_7_FILE_0.dat-----------------------------------------------------------------------

Processing intADC.cc(5407,7,18)...
Info in <TCanvas::MakeDefCanvas>:  created default TCanvas with name c1
/pnfs/knu.ac.kr/data/cms/store/user/yeo/HDD/Run_5407/Run_5407_Wave/Run_5407_Wave_MID_7/Run_5407_Wave_MID_7_FILE_0.dat-----------------------------------------------------------------------

Processing intADC.cc(5408,7,18)...
Info in <TCanvas::MakeDefCanvas>:  created default TCanvas with name c1
/pnfs/knu.ac.kr/data/cms/store/user/yeo/HDD/Run_5408/Run_5408_Wave/Run_5408_Wave_MID_7/Run_5408_Wave_MID_7_FILE_0.dat-----------------------------------------------------------------------

Processing intADC.cc(5409,7,18)...
Info in <TCanvas::MakeDefCanvas>:  created default TCanvas with name c1
/pnfs/knu.ac.kr/data/cms/store/user/yeo/HDD/Run_5409/Run_5409_Wave/Run_5409_Wave_MID_7/Run_5409_Wave_MID_7_FILE_0.dat-----------------------------------------------------------------------

Processing intADC.cc(5410,7,18)...
Info in <TCanvas::MakeDefCanvas>:  created default TCanvas with name c1
/pnfs/knu.ac.kr/data/cms/store/user/yeo/HDD/Run_5410/Run_5410_Wave/Run_5410_Wave_MID_7/Run_5410_Wave_MID_7_FILE_0.dat-----------------------------------------------------------------------

Processing intADC.cc(5411,7,18)...
Info in <TCanvas::MakeDefCanvas>:  created default TCanvas with name c1
/pnfs/knu.ac.kr/data/cms/store/user/yeo/HDD/Run_5411/Run_5411_Wave/Run_5411_Wave_MID_7/Run_5411_Wave_MID_7_FILE_0.dat-----------------------------------------------------------------------

Processing intADC.cc(5412,7,18)...
Info in <TCanvas::MakeDefCanvas>:  created default TCanvas with name c1
/pnfs/knu.ac.kr/data/cms/store/user/yeo/HDD/Run_5412/Run_5412_Wave/Run_5412_Wave_MID_7/Run_5412_Wave_MID_7_FILE_0.dat-----------------------------------------------------------------------

Processing intADC.cc(5413,7,18)...
Info in <TCanvas::MakeDefCanvas>:  created default TCanvas with name c1
/pnfs/knu.ac.kr/data/cms/store/user/yeo/HDD/Run_5413/Run_5413_Wave/Run_5413_Wave_MID_7/Run_5413_Wave_MID_7_FILE_0.dat-----------------------------------------------------------------------

Processing intADC.cc(5414,7,18)...
Info in <TCanvas::MakeDefCanvas>:  created default TCanvas with name c1
/pnfs/knu.ac.kr/data/cms/store/user/yeo/HDD/Run_5414/Run_5414_Wave/Run_5414_Wave_MID_7/Run_5414_Wave_MID_7_FILE_0.dat-----------------------------------------------------------------------

Processing intADC.cc(5415,7,18)...
Info in <TCanvas::MakeDefCanvas>:  created default TCanvas with name c1
/pnfs/knu.ac.kr/data/cms/store/user/yeo/HDD/Run_5415/Run_5415_Wave/Run_5415_Wave_MID_7/Run_5415_Wave_MID_7_FILE_0.dat-----------------------------------------------------------------------

Processing intADC.cc(5416,7,18)...
Info in <TCanvas::MakeDefCanvas>:  created default TCanvas with name c1
/pnfs/knu.ac.kr/data/cms/store/user/yeo/HDD/Run_5416/Run_5416_Wave/Run_5416_Wave_MID_7/Run_5416_Wave_MID_7_FILE_0.dat-----------------------------------------------------------------------

Processing intADC.cc(5417,7,18)...
Info in <TCanvas::MakeDefCanvas>:  created default TCanvas with name c1
/pnfs/knu.ac.kr/data/cms/store/user/yeo/HDD/Run_5417/Run_5417_Wave/Run_5417_Wave_MID_7/Run_5417_Wave_MID_7_FILE_0.dat-----------------------------------------------------------------------

Processing intADC.cc(5419,7,19)...
Info in <TCanvas::MakeDefCanvas>:  created default TCanvas with name c1
/pnfs/knu.ac.kr/data/cms/store/user/yeo/HDD/Run_5419/Run_5419_Wave/Run_5419_Wave_MID_7/Run_5419_Wave_MID_7_FILE_0.dat-----------------------------------------------------------------------

Processing intADC.cc(5420,7,19)...
Info in <TCanvas::MakeDefCanvas>:  created default TCanvas with name c1
/pnfs/knu.ac.kr/data/cms/store/user/yeo/HDD/Run_5420/Run_5420_Wave/Run_5420_Wave_MID_7/Run_5420_Wave_MID_7_FILE_0.dat-----------------------------------------------------------------------

Processing intADC.cc(5421,7,19)...

 *** Break *** segmentation violation



===========================================================
There was a crash.
This is the entire stack trace of all threads:
===========================================================
#0  0x00007f1113d7f60c in waitpid () from /lib64/libc.so.6
#1  0x00007f1113cfcf62 in do_system () from /lib64/libc.so.6
#2  0x00007f1114ab2a1c in TUnixSystem::StackTrace() () from /cvmfs/sft.cern.ch/lcg/releases/ROOT/6.28.06-0b358/x86_64-centos7-gcc11-opt/bin/../lib/libCore.so
#3  0x00007f1114ab0135 in TUnixSystem::DispatchSignals(ESignals) () from /cvmfs/sft.cern.ch/lcg/releases/ROOT/6.28.06-0b358/x86_64-centos7-gcc11-opt/bin/../lib/libCore.so
#4  <signal handler called>
#5  0x00007f1113d13314 in __GI__IO_vfscanf () from /lib64/libc.so.6
#6  0x00007f1113d25347 in fscanf () from /lib64/libc.so.6
#7  0x00007f1115012133 in ?? ()
#8  0x0000000000000000 in ?? ()
===========================================================


The lines below might hint at the cause of the crash. If you see question
marks as part of the stack trace, try to recompile with debugging information
enabled and export CLING_DEBUG=1 environment variable before running.
You may get help by asking at the ROOT forum https://root.cern/forum
Only if you are really convinced it is a bug in ROOT then please submit a
report at https://root.cern/bugs Please post the ENTIRE stack trace
from above as an attachment in addition to anything else
that might help us fixing this issue.
===========================================================
#5  0x00007f1113d13314 in __GI__IO_vfscanf () from /lib64/libc.so.6
#6  0x00007f1113d25347 in fscanf () from /lib64/libc.so.6
#7  0x00007f1115012133 in ?? ()
#8  0x0000000000000000 in ?? ()
===========================================================



Processing intADC.cc(5422,7,19)...
Info in <TCanvas::MakeDefCanvas>:  created default TCanvas with name c1
/pnfs/knu.ac.kr/data/cms/store/user/yeo/HDD/Run_5422/Run_5422_Wave/Run_5422_Wave_MID_7/Run_5422_Wave_MID_7_FILE_0.dat-----------------------------------------------------------------------

Processing intADC.cc(5423,7,19)...
Info in <TCanvas::MakeDefCanvas>:  created default TCanvas with name c1
/pnfs/knu.ac.kr/data/cms/store/user/yeo/HDD/Run_5423/Run_5423_Wave/Run_5423_Wave_MID_7/Run_5423_Wave_MID_7_FILE_0.dat-----------------------------------------------------------------------

Processing intADC.cc(5424,7,19)...
Info in <TCanvas::MakeDefCanvas>:  created default TCanvas with name c1
/pnfs/knu.ac.kr/data/cms/store/user/yeo/HDD/Run_5424/Run_5424_Wave/Run_5424_Wave_MID_7/Run_5424_Wave_MID_7_FILE_0.dat-----------------------------------------------------------------------

Processing intADC.cc(5425,7,19)...
Info in <TCanvas::MakeDefCanvas>:  created default TCanvas with name c1
/pnfs/knu.ac.kr/data/cms/store/user/yeo/HDD/Run_5425/Run_5425_Wave/Run_5425_Wave_MID_7/Run_5425_Wave_MID_7_FILE_0.dat-----------------------------------------------------------------------

Processing intADC.cc(5426,7,19)...
Info in <TCanvas::MakeDefCanvas>:  created default TCanvas with name c1
/pnfs/knu.ac.kr/data/cms/store/user/yeo/HDD/Run_5426/Run_5426_Wave/Run_5426_Wave_MID_7/Run_5426_Wave_MID_7_FILE_0.dat-----------------------------------------------------------------------

Processing intADC.cc(5427,7,19)...
Info in <TCanvas::MakeDefCanvas>:  created default TCanvas with name c1
/pnfs/knu.ac.kr/data/cms/store/user/yeo/HDD/Run_5427/Run_5427_Wave/Run_5427_Wave_MID_7/Run_5427_Wave_MID_7_FILE_0.dat-----------------------------------------------------------------------

Processing intADC.cc(5428,7,19)...
Info in <TCanvas::MakeDefCanvas>:  created default TCanvas with name c1
/pnfs/knu.ac.kr/data/cms/store/user/yeo/HDD/Run_5428/Run_5428_Wave/Run_5428_Wave_MID_7/Run_5428_Wave_MID_7_FILE_0.dat-----------------------------------------------------------------------

Processing intADC.cc(5429,7,19)...
Info in <TCanvas::MakeDefCanvas>:  created default TCanvas with name c1
/pnfs/knu.ac.kr/data/cms/store/user/yeo/HDD/Run_5429/Run_5429_Wave/Run_5429_Wave_MID_7/Run_5429_Wave_MID_7_FILE_0.dat-----------------------------------------------------------------------

Processing intADC.cc(5430,7,19)...
Info in <TCanvas::MakeDefCanvas>:  created default TCanvas with name c1
/pnfs/knu.ac.kr/data/cms/store/user/yeo/HDD/Run_5430/Run_5430_Wave/Run_5430_Wave_MID_7/Run_5430_Wave_MID_7_FILE_0.dat-----------------------------------------------------------------------

Processing intADC.cc(5431,7,19)...
Info in <TCanvas::MakeDefCanvas>:  created default TCanvas with name c1
/pnfs/knu.ac.kr/data/cms/store/user/yeo/HDD/Run_5431/Run_5431_Wave/Run_5431_Wave_MID_7/Run_5431_Wave_MID_7_FILE_0.dat-----------------------------------------------------------------------

Processing intADC.cc(5432,7,19)...
Info in <TCanvas::MakeDefCanvas>:  created default TCanvas with name c1
/pnfs/knu.ac.kr/data/cms/store/user/yeo/HDD/Run_5432/Run_5432_Wave/Run_5432_Wave_MID_7/Run_5432_Wave_MID_7_FILE_0.dat-----------------------------------------------------------------------

Processing intADC.cc(5434,7,20)...
Info in <TCanvas::MakeDefCanvas>:  created default TCanvas with name c1
/pnfs/knu.ac.kr/data/cms/store/user/yeo/HDD/Run_5434/Run_5434_Wave/Run_5434_Wave_MID_7/Run_5434_Wave_MID_7_FILE_0.dat-----------------------------------------------------------------------

Processing intADC.cc(5435,7,20)...
Info in <TCanvas::MakeDefCanvas>:  created default TCanvas with name c1
/pnfs/knu.ac.kr/data/cms/store/user/yeo/HDD/Run_5435/Run_5435_Wave/Run_5435_Wave_MID_7/Run_5435_Wave_MID_7_FILE_0.dat-----------------------------------------------------------------------

Processing intADC.cc(5436,7,20)...
Info in <TCanvas::MakeDefCanvas>:  created default TCanvas with name c1
/pnfs/knu.ac.kr/data/cms/store/user/yeo/HDD/Run_5436/Run_5436_Wave/Run_5436_Wave_MID_7/Run_5436_Wave_MID_7_FILE_0.dat-----------------------------------------------------------------------

Processing intADC.cc(5437,7,20)...
Info in <TCanvas::MakeDefCanvas>:  created default TCanvas with name c1
/pnfs/knu.ac.kr/data/cms/store/user/yeo/HDD/Run_5437/Run_5437_Wave/Run_5437_Wave_MID_7/Run_5437_Wave_MID_7_FILE_0.dat-----------------------------------------------------------------------

Processing intADC.cc(5438,7,20)...
Info in <TCanvas::MakeDefCanvas>:  created default TCanvas with name c1
/pnfs/knu.ac.kr/data/cms/store/user/yeo/HDD/Run_5438/Run_5438_Wave/Run_5438_Wave_MID_7/Run_5438_Wave_MID_7_FILE_0.dat-----------------------------------------------------------------------

Processing intADC.cc(5439,7,20)...
Info in <TCanvas::MakeDefCanvas>:  created default TCanvas with name c1
/pnfs/knu.ac.kr/data/cms/store/user/yeo/HDD/Run_5439/Run_5439_Wave/Run_5439_Wave_MID_7/Run_5439_Wave_MID_7_FILE_0.dat-----------------------------------------------------------------------

Processing intADC.cc(5440,7,20)...
Info in <TCanvas::MakeDefCanvas>:  created default TCanvas with name c1
/pnfs/knu.ac.kr/data/cms/store/user/yeo/HDD/Run_5440/Run_5440_Wave/Run_5440_Wave_MID_7/Run_5440_Wave_MID_7_FILE_0.dat-----------------------------------------------------------------------

Processing intADC.cc(5441,7,20)...
Info in <TCanvas::MakeDefCanvas>:  created default TCanvas with name c1
/pnfs/knu.ac.kr/data/cms/store/user/yeo/HDD/Run_5441/Run_5441_Wave/Run_5441_Wave_MID_7/Run_5441_Wave_MID_7_FILE_0.dat-----------------------------------------------------------------------

Processing intADC.cc(5442,7,20)...
Info in <TCanvas::MakeDefCanvas>:  created default TCanvas with name c1
/pnfs/knu.ac.kr/data/cms/store/user/yeo/HDD/Run_5442/Run_5442_Wave/Run_5442_Wave_MID_7/Run_5442_Wave_MID_7_FILE_0.dat-----------------------------------------------------------------------

Processing intADC.cc(5443,7,20)...
Info in <TCanvas::MakeDefCanvas>:  created default TCanvas with name c1
/pnfs/knu.ac.kr/data/cms/store/user/yeo/HDD/Run_5443/Run_5443_Wave/Run_5443_Wave_MID_7/Run_5443_Wave_MID_7_FILE_0.dat-----------------------------------------------------------------------

Processing intADC.cc(5444,7,20)...
Info in <TCanvas::MakeDefCanvas>:  created default TCanvas with name c1
/pnfs/knu.ac.kr/data/cms/store/user/yeo/HDD/Run_5444/Run_5444_Wave/Run_5444_Wave_MID_7/Run_5444_Wave_MID_7_FILE_0.dat-----------------------------------------------------------------------

Processing intADC.cc(5445,7,20)...
Info in <TCanvas::MakeDefCanvas>:  created default TCanvas with name c1
/pnfs/knu.ac.kr/data/cms/store/user/yeo/HDD/Run_5445/Run_5445_Wave/Run_5445_Wave_MID_7/Run_5445_Wave_MID_7_FILE_0.dat-----------------------------------------------------------------------

Processing intADC.cc(5446,7,20)...
Info in <TCanvas::MakeDefCanvas>:  created default TCanvas with name c1
/pnfs/knu.ac.kr/data/cms/store/user/yeo/HDD/Run_5446/Run_5446_Wave/Run_5446_Wave_MID_7/Run_5446_Wave_MID_7_FILE_0.dat-----------------------------------------------------------------------

Processing intADC.cc(5448,7,21)...
Info in <TCanvas::MakeDefCanvas>:  created default TCanvas with name c1
/pnfs/knu.ac.kr/data/cms/store/user/yeo/HDD/Run_5448/Run_5448_Wave/Run_5448_Wave_MID_7/Run_5448_Wave_MID_7_FILE_0.dat-----------------------------------------------------------------------

Processing intADC.cc(5449,7,21)...
Info in <TCanvas::MakeDefCanvas>:  created default TCanvas with name c1
/pnfs/knu.ac.kr/data/cms/store/user/yeo/HDD/Run_5449/Run_5449_Wave/Run_5449_Wave_MID_7/Run_5449_Wave_MID_7_FILE_0.dat-----------------------------------------------------------------------

Processing intADC.cc(5450,7,21)...
Info in <TCanvas::MakeDefCanvas>:  created default TCanvas with name c1
/pnfs/knu.ac.kr/data/cms/store/user/yeo/HDD/Run_5450/Run_5450_Wave/Run_5450_Wave_MID_7/Run_5450_Wave_MID_7_FILE_0.dat-----------------------------------------------------------------------

Processing intADC.cc(5451,7,21)...
Info in <TCanvas::MakeDefCanvas>:  created default TCanvas with name c1
/pnfs/knu.ac.kr/data/cms/store/user/yeo/HDD/Run_5451/Run_5451_Wave/Run_5451_Wave_MID_7/Run_5451_Wave_MID_7_FILE_0.dat-----------------------------------------------------------------------

Processing intADC.cc(5452,7,21)...
Info in <TCanvas::MakeDefCanvas>:  created default TCanvas with name c1
/pnfs/knu.ac.kr/data/cms/store/user/yeo/HDD/Run_5452/Run_5452_Wave/Run_5452_Wave_MID_7/Run_5452_Wave_MID_7_FILE_0.dat-----------------------------------------------------------------------

Processing intADC.cc(5453,7,21)...
Info in <TCanvas::MakeDefCanvas>:  created default TCanvas with name c1
/pnfs/knu.ac.kr/data/cms/store/user/yeo/HDD/Run_5453/Run_5453_Wave/Run_5453_Wave_MID_7/Run_5453_Wave_MID_7_FILE_0.dat-----------------------------------------------------------------------

Processing intADC.cc(5454,7,21)...
Info in <TCanvas::MakeDefCanvas>:  created default TCanvas with name c1
/pnfs/knu.ac.kr/data/cms/store/user/yeo/HDD/Run_5454/Run_5454_Wave/Run_5454_Wave_MID_7/Run_5454_Wave_MID_7_FILE_0.dat-----------------------------------------------------------------------

Processing intADC.cc(5455,7,21)...
Info in <TCanvas::MakeDefCanvas>:  created default TCanvas with name c1
/pnfs/knu.ac.kr/data/cms/store/user/yeo/HDD/Run_5455/Run_5455_Wave/Run_5455_Wave_MID_7/Run_5455_Wave_MID_7_FILE_0.dat-----------------------------------------------------------------------

Processing intADC.cc(5456,7,21)...
Info in <TCanvas::MakeDefCanvas>:  created default TCanvas with name c1
/pnfs/knu.ac.kr/data/cms/store/user/yeo/HDD/Run_5456/Run_5456_Wave/Run_5456_Wave_MID_7/Run_5456_Wave_MID_7_FILE_0.dat-----------------------------------------------------------------------

Processing intADC.cc(5457,7,21)...
Info in <TCanvas::MakeDefCanvas>:  created default TCanvas with name c1
/pnfs/knu.ac.kr/data/cms/store/user/yeo/HDD/Run_5457/Run_5457_Wave/Run_5457_Wave_MID_7/Run_5457_Wave_MID_7_FILE_0.dat-----------------------------------------------------------------------

Processing intADC.cc(5458,7,21)...
Info in <TCanvas::MakeDefCanvas>:  created default TCanvas with name c1
/pnfs/knu.ac.kr/data/cms/store/user/yeo/HDD/Run_5458/Run_5458_Wave/Run_5458_Wave_MID_7/Run_5458_Wave_MID_7_FILE_0.dat-----------------------------------------------------------------------

Processing intADC.cc(5459,7,21)...
Info in <TCanvas::MakeDefCanvas>:  created default TCanvas with name c1
/pnfs/knu.ac.kr/data/cms/store/user/yeo/HDD/Run_5459/Run_5459_Wave/Run_5459_Wave_MID_7/Run_5459_Wave_MID_7_FILE_0.dat-----------------------------------------------------------------------

Processing intADC.cc(5460,7,21)...
Info in <TCanvas::MakeDefCanvas>:  created default TCanvas with name c1
/pnfs/knu.ac.kr/data/cms/store/user/yeo/HDD/Run_5460/Run_5460_Wave/Run_5460_Wave_MID_7/Run_5460_Wave_MID_7_FILE_0.dat-----------------------------------------------------------------------

Processing intADC.cc(5462,7,22)...
Info in <TCanvas::MakeDefCanvas>:  created default TCanvas with name c1
/pnfs/knu.ac.kr/data/cms/store/user/yeo/HDD/Run_5462/Run_5462_Wave/Run_5462_Wave_MID_7/Run_5462_Wave_MID_7_FILE_0.dat-----------------------------------------------------------------------

Processing intADC.cc(5463,7,22)...
Info in <TCanvas::MakeDefCanvas>:  created default TCanvas with name c1
/pnfs/knu.ac.kr/data/cms/store/user/yeo/HDD/Run_5463/Run_5463_Wave/Run_5463_Wave_MID_7/Run_5463_Wave_MID_7_FILE_0.dat-----------------------------------------------------------------------

Processing intADC.cc(5464,7,22)...
Info in <TCanvas::MakeDefCanvas>:  created default TCanvas with name c1
/pnfs/knu.ac.kr/data/cms/store/user/yeo/HDD/Run_5464/Run_5464_Wave/Run_5464_Wave_MID_7/Run_5464_Wave_MID_7_FILE_0.dat-----------------------------------------------------------------------

Processing intADC.cc(5465,7,22)...
Info in <TCanvas::MakeDefCanvas>:  created default TCanvas with name c1
/pnfs/knu.ac.kr/data/cms/store/user/yeo/HDD/Run_5465/Run_5465_Wave/Run_5465_Wave_MID_7/Run_5465_Wave_MID_7_FILE_0.dat-----------------------------------------------------------------------

Processing intADC.cc(5466,7,22)...
Info in <TCanvas::MakeDefCanvas>:  created default TCanvas with name c1
/pnfs/knu.ac.kr/data/cms/store/user/yeo/HDD/Run_5466/Run_5466_Wave/Run_5466_Wave_MID_7/Run_5466_Wave_MID_7_FILE_0.dat-----------------------------------------------------------------------

Processing intADC.cc(5467,7,22)...
Info in <TCanvas::MakeDefCanvas>:  created default TCanvas with name c1
/pnfs/knu.ac.kr/data/cms/store/user/yeo/HDD/Run_5467/Run_5467_Wave/Run_5467_Wave_MID_7/Run_5467_Wave_MID_7_FILE_0.dat-----------------------------------------------------------------------

Processing intADC.cc(5468,7,22)...
Info in <TCanvas::MakeDefCanvas>:  created default TCanvas with name c1
/pnfs/knu.ac.kr/data/cms/store/user/yeo/HDD/Run_5468/Run_5468_Wave/Run_5468_Wave_MID_7/Run_5468_Wave_MID_7_FILE_0.dat-----------------------------------------------------------------------

Processing intADC.cc(5469,7,22)...
Info in <TCanvas::MakeDefCanvas>:  created default TCanvas with name c1
/pnfs/knu.ac.kr/data/cms/store/user/yeo/HDD/Run_5469/Run_5469_Wave/Run_5469_Wave_MID_7/Run_5469_Wave_MID_7_FILE_0.dat-----------------------------------------------------------------------

Processing intADC.cc(5470,7,22)...
Info in <TCanvas::MakeDefCanvas>:  created default TCanvas with name c1
/pnfs/knu.ac.kr/data/cms/store/user/yeo/HDD/Run_5470/Run_5470_Wave/Run_5470_Wave_MID_7/Run_5470_Wave_MID_7_FILE_0.dat-----------------------------------------------------------------------

Processing intADC.cc(5471,7,22)...
Info in <TCanvas::MakeDefCanvas>:  created default TCanvas with name c1
/pnfs/knu.ac.kr/data/cms/store/user/yeo/HDD/Run_5471/Run_5471_Wave/Run_5471_Wave_MID_7/Run_5471_Wave_MID_7_FILE_0.dat-----------------------------------------------------------------------

Processing intADC.cc(5472,7,22)...
Info in <TCanvas::MakeDefCanvas>:  created default TCanvas with name c1
/pnfs/knu.ac.kr/data/cms/store/user/yeo/HDD/Run_5472/Run_5472_Wave/Run_5472_Wave_MID_7/Run_5472_Wave_MID_7_FILE_0.dat-----------------------------------------------------------------------

Processing intADC.cc(5473,7,22)...
Info in <TCanvas::MakeDefCanvas>:  created default TCanvas with name c1
/pnfs/knu.ac.kr/data/cms/store/user/yeo/HDD/Run_5473/Run_5473_Wave/Run_5473_Wave_MID_7/Run_5473_Wave_MID_7_FILE_0.dat-----------------------------------------------------------------------

Processing intADC.cc(5474,7,22)...
Info in <TCanvas::MakeDefCanvas>:  created default TCanvas with name c1
/pnfs/knu.ac.kr/data/cms/store/user/yeo/HDD/Run_5474/Run_5474_Wave/Run_5474_Wave_MID_7/Run_5474_Wave_MID_7_FILE_0.dat-----------------------------------------------------------------------

Processing intADC.cc(5476,7,23)...
Info in <TCanvas::MakeDefCanvas>:  created default TCanvas with name c1
/pnfs/knu.ac.kr/data/cms/store/user/yeo/HDD/Run_5476/Run_5476_Wave/Run_5476_Wave_MID_7/Run_5476_Wave_MID_7_FILE_0.dat-----------------------------------------------------------------------

Processing intADC.cc(5477,7,23)...
Info in <TCanvas::MakeDefCanvas>:  created default TCanvas with name c1
/pnfs/knu.ac.kr/data/cms/store/user/yeo/HDD/Run_5477/Run_5477_Wave/Run_5477_Wave_MID_7/Run_5477_Wave_MID_7_FILE_0.dat-----------------------------------------------------------------------

Processing intADC.cc(5478,7,23)...
Info in <TCanvas::MakeDefCanvas>:  created default TCanvas with name c1
/pnfs/knu.ac.kr/data/cms/store/user/yeo/HDD/Run_5478/Run_5478_Wave/Run_5478_Wave_MID_7/Run_5478_Wave_MID_7_FILE_0.dat-----------------------------------------------------------------------

Processing intADC.cc(5479,7,23)...
Info in <TCanvas::MakeDefCanvas>:  created default TCanvas with name c1
/pnfs/knu.ac.kr/data/cms/store/user/yeo/HDD/Run_5479/Run_5479_Wave/Run_5479_Wave_MID_7/Run_5479_Wave_MID_7_FILE_0.dat-----------------------------------------------------------------------

Processing intADC.cc(5480,7,23)...
Info in <TCanvas::MakeDefCanvas>:  created default TCanvas with name c1
/pnfs/knu.ac.kr/data/cms/store/user/yeo/HDD/Run_5480/Run_5480_Wave/Run_5480_Wave_MID_7/Run_5480_Wave_MID_7_FILE_0.dat-----------------------------------------------------------------------

Processing intADC.cc(5481,7,23)...
Info in <TCanvas::MakeDefCanvas>:  created default TCanvas with name c1
/pnfs/knu.ac.kr/data/cms/store/user/yeo/HDD/Run_5481/Run_5481_Wave/Run_5481_Wave_MID_7/Run_5481_Wave_MID_7_FILE_0.dat-----------------------------------------------------------------------

Processing intADC.cc(5482,7,23)...
Info in <TCanvas::MakeDefCanvas>:  created default TCanvas with name c1
/pnfs/knu.ac.kr/data/cms/store/user/yeo/HDD/Run_5482/Run_5482_Wave/Run_5482_Wave_MID_7/Run_5482_Wave_MID_7_FILE_0.dat-----------------------------------------------------------------------

Processing intADC.cc(5483,7,23)...
Info in <TCanvas::MakeDefCanvas>:  created default TCanvas with name c1
/pnfs/knu.ac.kr/data/cms/store/user/yeo/HDD/Run_5483/Run_5483_Wave/Run_5483_Wave_MID_7/Run_5483_Wave_MID_7_FILE_0.dat-----------------------------------------------------------------------

Processing intADC.cc(5484,7,23)...
Info in <TCanvas::MakeDefCanvas>:  created default TCanvas with name c1
/pnfs/knu.ac.kr/data/cms/store/user/yeo/HDD/Run_5484/Run_5484_Wave/Run_5484_Wave_MID_7/Run_5484_Wave_MID_7_FILE_0.dat-----------------------------------------------------------------------

Processing intADC.cc(5485,7,23)...
Info in <TCanvas::MakeDefCanvas>:  created default TCanvas with name c1
/pnfs/knu.ac.kr/data/cms/store/user/yeo/HDD/Run_5485/Run_5485_Wave/Run_5485_Wave_MID_7/Run_5485_Wave_MID_7_FILE_0.dat-----------------------------------------------------------------------

Processing intADC.cc(5486,7,23)...
Info in <TCanvas::MakeDefCanvas>:  created default TCanvas with name c1
/pnfs/knu.ac.kr/data/cms/store/user/yeo/HDD/Run_5486/Run_5486_Wave/Run_5486_Wave_MID_7/Run_5486_Wave_MID_7_FILE_0.dat-----------------------------------------------------------------------

Processing intADC.cc(5487,7,23)...
Info in <TCanvas::MakeDefCanvas>:  created default TCanvas with name c1
/pnfs/knu.ac.kr/data/cms/store/user/yeo/HDD/Run_5487/Run_5487_Wave/Run_5487_Wave_MID_7/Run_5487_Wave_MID_7_FILE_0.dat-----------------------------------------------------------------------

Processing intADC.cc(5488,7,23)...
Info in <TCanvas::MakeDefCanvas>:  created default TCanvas with name c1
/pnfs/knu.ac.kr/data/cms/store/user/yeo/HDD/Run_5488/Run_5488_Wave/Run_5488_Wave_MID_7/Run_5488_Wave_MID_7_FILE_0.dat-----------------------------------------------------------------------

Processing intADC.cc(5490,7,24)...
Info in <TCanvas::MakeDefCanvas>:  created default TCanvas with name c1
/pnfs/knu.ac.kr/data/cms/store/user/yeo/HDD/Run_5490/Run_5490_Wave/Run_5490_Wave_MID_7/Run_5490_Wave_MID_7_FILE_0.dat-----------------------------------------------------------------------

Processing intADC.cc(5491,7,24)...
Info in <TCanvas::MakeDefCanvas>:  created default TCanvas with name c1
/pnfs/knu.ac.kr/data/cms/store/user/yeo/HDD/Run_5491/Run_5491_Wave/Run_5491_Wave_MID_7/Run_5491_Wave_MID_7_FILE_0.dat-----------------------------------------------------------------------

Processing intADC.cc(5492,7,24)...
Info in <TCanvas::MakeDefCanvas>:  created default TCanvas with name c1
/pnfs/knu.ac.kr/data/cms/store/user/yeo/HDD/Run_5492/Run_5492_Wave/Run_5492_Wave_MID_7/Run_5492_Wave_MID_7_FILE_0.dat-----------------------------------------------------------------------

Processing intADC.cc(5493,7,24)...
Info in <TCanvas::MakeDefCanvas>:  created default TCanvas with name c1
/pnfs/knu.ac.kr/data/cms/store/user/yeo/HDD/Run_5493/Run_5493_Wave/Run_5493_Wave_MID_7/Run_5493_Wave_MID_7_FILE_0.dat-----------------------------------------------------------------------

Processing intADC.cc(5494,7,24)...
Info in <TCanvas::MakeDefCanvas>:  created default TCanvas with name c1
/pnfs/knu.ac.kr/data/cms/store/user/yeo/HDD/Run_5494/Run_5494_Wave/Run_5494_Wave_MID_7/Run_5494_Wave_MID_7_FILE_0.dat-----------------------------------------------------------------------

Processing intADC.cc(5495,7,24)...
Info in <TCanvas::MakeDefCanvas>:  created default TCanvas with name c1
/pnfs/knu.ac.kr/data/cms/store/user/yeo/HDD/Run_5495/Run_5495_Wave/Run_5495_Wave_MID_7/Run_5495_Wave_MID_7_FILE_0.dat-----------------------------------------------------------------------

Processing intADC.cc(5496,7,24)...
Info in <TCanvas::MakeDefCanvas>:  created default TCanvas with name c1
/pnfs/knu.ac.kr/data/cms/store/user/yeo/HDD/Run_5496/Run_5496_Wave/Run_5496_Wave_MID_7/Run_5496_Wave_MID_7_FILE_0.dat-----------------------------------------------------------------------

Processing intADC.cc(5497,7,24)...
Info in <TCanvas::MakeDefCanvas>:  created default TCanvas with name c1
/pnfs/knu.ac.kr/data/cms/store/user/yeo/HDD/Run_5497/Run_5497_Wave/Run_5497_Wave_MID_7/Run_5497_Wave_MID_7_FILE_0.dat-----------------------------------------------------------------------

Processing intADC.cc(5498,7,24)...
Info in <TCanvas::MakeDefCanvas>:  created default TCanvas with name c1
/pnfs/knu.ac.kr/data/cms/store/user/yeo/HDD/Run_5498/Run_5498_Wave/Run_5498_Wave_MID_7/Run_5498_Wave_MID_7_FILE_0.dat-----------------------------------------------------------------------

Processing intADC.cc(5499,7,24)...
Info in <TCanvas::MakeDefCanvas>:  created default TCanvas with name c1
/pnfs/knu.ac.kr/data/cms/store/user/yeo/HDD/Run_5499/Run_5499_Wave/Run_5499_Wave_MID_7/Run_5499_Wave_MID_7_FILE_0.dat-----------------------------------------------------------------------

Processing intADC.cc(5500,7,24)...
Info in <TCanvas::MakeDefCanvas>:  created default TCanvas with name c1
/pnfs/knu.ac.kr/data/cms/store/user/yeo/HDD/Run_5500/Run_5500_Wave/Run_5500_Wave_MID_7/Run_5500_Wave_MID_7_FILE_0.dat-----------------------------------------------------------------------

Processing intADC.cc(5501,7,24)...
Info in <TCanvas::MakeDefCanvas>:  created default TCanvas with name c1
/pnfs/knu.ac.kr/data/cms/store/user/yeo/HDD/Run_5501/Run_5501_Wave/Run_5501_Wave_MID_7/Run_5501_Wave_MID_7_FILE_0.dat-----------------------------------------------------------------------

Processing intADC.cc(5502,7,24)...
Info in <TCanvas::MakeDefCanvas>:  created default TCanvas with name c1
/pnfs/knu.ac.kr/data/cms/store/user/yeo/HDD/Run_5502/Run_5502_Wave/Run_5502_Wave_MID_7/Run_5502_Wave_MID_7_FILE_0.dat-----------------------------------------------------------------------
